[2026-02-25 18:55:47 +0300] [4846] [INFO] Starting gunicorn 25.0.3
[2026-02-25 18:55:47 +0300] [4846] [INFO] Listening at: unix:/home/haron/kmd/kmd_web/web_service/web_service.sock (4846)
[2026-02-25 18:55:47 +0300] [4846] [INFO] Using worker: sync
[2026-02-25 18:55:47 +0300] [4847] [INFO] Booting worker with pid: 4847
[2026-02-25 18:55:47 +0300] [4848] [INFO] Booting worker with pid: 4848
[2026-02-25 18:55:47 +0300] [4849] [INFO] Booting worker with pid: 4849
[2026-02-25 18:56:26 +0300] [4846] [INFO] Handling signal: int
[2026-02-25 15:56:26 +0000] [4847] [INFO] Worker exiting (pid: 4847)
[2026-02-25 15:56:26 +0000] [4848] [INFO] Worker exiting (pid: 4848)
[2026-02-25 15:56:26 +0000] [4849] [INFO] Worker exiting (pid: 4849)
[2026-02-25 18:56:27 +0300] [4846] [INFO] Shutting down: Master
[2026-02-25 18:56:46 +0300] [4978] [INFO] Starting gunicorn 25.0.3
[2026-02-25 18:56:46 +0300] [4978] [INFO] Listening at: unix:/home/haron/kmd/kmd_web/web_service/web_service.sock (4978)
[2026-02-25 18:56:46 +0300] [4978] [INFO] Using worker: sync
[2026-02-25 18:56:46 +0300] [4979] [INFO] Booting worker with pid: 4979
[2026-02-25 18:56:46 +0300] [4981] [INFO] Booting worker with pid: 4981
[2026-02-25 18:56:46 +0300] [4984] [INFO] Booting worker with pid: 4984
[2026-02-25 18:57:17 +0300] [4978] [INFO] Handling signal: int
[2026-02-25 15:57:17 +0000] [4981] [INFO] Worker exiting (pid: 4981)
[2026-02-25 15:57:17 +0000] [4979] [INFO] Worker exiting (pid: 4979)
[2026-02-25 15:57:17 +0000] [4984] [INFO] Worker exiting (pid: 4984)
[2026-02-25 18:57:18 +0300] [4978] [INFO] Shutting down: Master
[2026-02-25 18:58:53 +0300] [5253] [INFO] Starting gunicorn 25.0.3
[2026-02-25 18:58:53 +0300] [5253] [INFO] Listening at: unix:/home/haron/kmd/kmd_web/web_service/web_service.sock (5253)
[2026-02-25 18:58:53 +0300] [5253] [INFO] Using worker: sync
[2026-02-25 18:58:53 +0300] [5254] [INFO] Booting worker with pid: 5254
[2026-02-25 18:58:53 +0300] [5255] [INFO] Booting worker with pid: 5255
[2026-02-25 18:58:53 +0300] [5256] [INFO] Booting worker with pid: 5256
[2026-02-25 19:07:55 +0300] [5253] [INFO] Handling signal: int
[2026-02-25 16:07:55 +0000] [5254] [INFO] Worker exiting (pid: 5254)
[2026-02-25 16:07:55 +0000] [5255] [INFO] Worker exiting (pid: 5255)
[2026-02-25 16:07:55 +0000] [5256] [INFO] Worker exiting (pid: 5256)
[2026-02-25 19:07:56 +0300] [5253] [INFO] Shutting down: Master
[2026-02-25 19:08:00 +0300] [6751] [INFO] Starting gunicorn 25.0.3
[2026-02-25 19:08:00 +0300] [6751] [INFO] Listening at: unix:/home/haron/kmd/kmd_web/web_service/web_service.sock (6751)
[2026-02-25 19:08:00 +0300] [6751] [INFO] Using worker: sync
[2026-02-25 19:08:00 +0300] [6752] [INFO] Booting worker with pid: 6752
[2026-02-25 19:08:00 +0300] [6753] [INFO] Booting worker with pid: 6753
[2026-02-25 19:08:00 +0300] [6754] [INFO] Booting worker with pid: 6754
[2026-02-25 19:08:30 +0300] [6751] [INFO] Handling signal: winch
[2026-02-25 19:08:30 +0300] [6751] [INFO] Handling signal: winch
[2026-02-25 19:08:30 +0300] [6751] [INFO] Handling signal: winch
[2026-02-25 19:08:31 +0300] [6751] [INFO] Handling signal: winch
[2026-02-25 19:10:07 +0300] [7050] [INFO] Starting gunicorn 25.0.3
[2026-02-25 19:10:07 +0300] [7050] [INFO] Listening at: unix:/home/haron/kmd/kmd_web/web_service/web_service.sock (7050)
[2026-02-25 19:10:07 +0300] [7050] [INFO] Using worker: sync
[2026-02-25 19:10:07 +0300] [7051] [INFO] Booting worker with pid: 7051
[2026-02-25 19:10:07 +0300] [7052] [INFO] Booting worker with pid: 7052
[2026-02-25 19:10:07 +0300] [7053] [INFO] Booting worker with pid: 7053
[2026-02-25 19:10:21 +0300] [7050] [INFO] Handling signal: int
[2026-02-25 16:10:21 +0000] [7051] [INFO] Worker exiting (pid: 7051)
[2026-02-25 16:10:21 +0000] [7052] [INFO] Worker exiting (pid: 7052)
[2026-02-25 16:10:21 +0000] [7053] [INFO] Worker exiting (pid: 7053)
[2026-02-25 19:10:21 +0300] [7050] [INFO] Shutting down: Master
[2026-02-25 19:11:52 +0300] [7322] [INFO] Starting gunicorn 25.0.3
[2026-02-25 19:11:52 +0300] [7322] [INFO] Listening at: unix:/home/haron/kmd/kmd_web/web_service/web_service.sock (7322)
[2026-02-25 19:11:52 +0300] [7322] [INFO] Using worker: sync
[2026-02-25 19:11:52 +0300] [7323] [INFO] Booting worker with pid: 7323
[2026-02-25 19:11:52 +0300] [7327] [INFO] Booting worker with pid: 7327
[2026-02-25 19:11:53 +0300] [7331] [INFO] Booting worker with pid: 7331
[2026-02-25 19:12:02 +0300] [7322] [INFO] Handling signal: int
[2026-02-25 16:12:02 +0000] [7327] [INFO] Worker exiting (pid: 7327)
[2026-02-25 16:12:02 +0000] [7323] [INFO] Worker exiting (pid: 7323)
[2026-02-25 16:12:02 +0000] [7331] [INFO] Worker exiting (pid: 7331)
[2026-02-25 19:12:02 +0300] [7322] [INFO] Shutting down: Master
[2026-02-25 19:27:02 +0300] [6751] [INFO] Handling signal: hup
[2026-02-25 19:27:02 +0300] [6751] [INFO] Hang up: Master
[2026-02-26 07:33:26 +0300] [5021] [INFO] Starting gunicorn 25.0.3
[2026-02-26 07:33:26 +0300] [5021] [INFO] Listening at: unix:/home/haron/kmd/kmd_web/web_service/web_service.sock (5021)
[2026-02-26 07:33:26 +0300] [5021] [INFO] Using worker: sync
[2026-02-26 07:33:26 +0300] [5027] [INFO] Booting worker with pid: 5027
[2026-02-26 07:33:26 +0300] [5028] [INFO] Booting worker with pid: 5028
[2026-02-26 07:33:26 +0300] [5032] [INFO] Booting worker with pid: 5032
[2026-02-26 04:47:17 +0000] [5028] [INFO] Worker exiting (pid: 5028)
[2026-02-26 07:47:17 +0300] [5021] [INFO] Handling signal: term
[2026-02-26 04:47:17 +0000] [5027] [INFO] Worker exiting (pid: 5027)
[2026-02-26 04:47:17 +0000] [5032] [INFO] Worker exiting (pid: 5032)
[2026-02-26 07:47:17 +0300] [5021] [INFO] Worker (pid:5028) was sent SIGTERM!
[2026-02-26 07:47:17 +0300] [5021] [INFO] Shutting down: Master
[2026-02-26 07:47:21 +0300] [6544] [INFO] Starting gunicorn 25.0.3
[2026-02-26 07:47:21 +0300] [6544] [INFO] Listening at: unix:/home/haron/kmd/kmd_web/web_service/web_service.sock (6544)
[2026-02-26 07:47:21 +0300] [6544] [INFO] Using worker: sync
[2026-02-26 07:47:21 +0300] [6550] [INFO] Booting worker with pid: 6550
[2026-02-26 07:47:21 +0300] [6551] [INFO] Booting worker with pid: 6551
[2026-02-26 07:47:21 +0300] [6552] [INFO] Booting worker with pid: 6552
[2026-02-26 05:22:34 +0000] [6551] [INFO] Worker exiting (pid: 6551)
[2026-02-26 08:22:34 +0300] [6544] [INFO] Handling signal: term
[2026-02-26 05:22:34 +0000] [6552] [INFO] Worker exiting (pid: 6552)
[2026-02-26 05:22:34 +0000] [6550] [INFO] Worker exiting (pid: 6550)
[2026-02-26 08:22:35 +0300] [6544] [INFO] Worker (pid:6551) was sent SIGTERM!
[2026-02-26 08:22:35 +0300] [6544] [INFO] Shutting down: Master
[2026-02-26 08:22:37 +0300] [10930] [INFO] Starting gunicorn 25.0.3
[2026-02-26 08:22:37 +0300] [10930] [INFO] Listening at: unix:/home/haron/kmd/kmd_web/web_service/web_service.sock (10930)
[2026-02-26 08:22:37 +0300] [10930] [INFO] Using worker: sync
[2026-02-26 08:22:37 +0300] [10936] [INFO] Booting worker with pid: 10936
[2026-02-26 08:22:37 +0300] [10937] [INFO] Booting worker with pid: 10937
[2026-02-26 08:22:37 +0300] [10938] [INFO] Booting worker with pid: 10938
[2026-02-26 08:49:56 +0300] [10930] [INFO] Handling signal: term
[2026-02-26 05:49:56 +0000] [10936] [INFO] Worker exiting (pid: 10936)
[2026-02-26 05:49:56 +0000] [10938] [INFO] Worker exiting (pid: 10938)
[2026-02-26 05:49:56 +0000] [10937] [INFO] Worker exiting (pid: 10937)
[2026-02-26 08:49:58 +0300] [10930] [INFO] Shutting down: Master
[2026-02-26 08:49:59 +0300] [14194] [INFO] Starting gunicorn 25.0.3
[2026-02-26 08:49:59 +0300] [14194] [INFO] Listening at: unix:/home/haron/kmd/kmd_web/web_service/web_service.sock (14194)
[2026-02-26 08:49:59 +0300] [14194] [INFO] Using worker: sync
[2026-02-26 08:49:59 +0300] [14200] [INFO] Booting worker with pid: 14200
[2026-02-26 08:49:59 +0300] [14201] [INFO] Booting worker with pid: 14201
[2026-02-26 08:49:59 +0300] [14202] [INFO] Booting worker with pid: 14202
[2026-02-26 08:50:48 +0300] [14194] [INFO] Handling signal: term
[2026-02-26 05:50:48 +0000] [14201] [INFO] Worker exiting (pid: 14201)
[2026-02-26 05:50:48 +0000] [14200] [INFO] Worker exiting (pid: 14200)
[2026-02-26 05:50:48 +0000] [14202] [INFO] Worker exiting (pid: 14202)
[2026-02-26 08:50:49 +0300] [14194] [INFO] Worker (pid:14200) was sent SIGTERM!
[2026-02-26 08:50:49 +0300] [14194] [INFO] Worker (pid:14201) was sent SIGTERM!
[2026-02-26 08:50:49 +0300] [14194] [INFO] Shutting down: Master
[2026-02-26 08:50:50 +0300] [14319] [INFO] Starting gunicorn 25.0.3
[2026-02-26 08:50:50 +0300] [14319] [INFO] Listening at: unix:/home/haron/kmd/kmd_web/web_service/web_service.sock (14319)
[2026-02-26 08:50:50 +0300] [14319] [INFO] Using worker: sync
[2026-02-26 08:50:50 +0300] [14331] [INFO] Booting worker with pid: 14331
[2026-02-26 08:50:51 +0300] [14332] [INFO] Booting worker with pid: 14332
[2026-02-26 08:50:51 +0300] [14333] [INFO] Booting worker with pid: 14333
[2026-02-26 11:23:32 +0000] [14331] [INFO] Worker exiting (pid: 14331)
[2026-02-26 11:23:33 +0000] [14332] [INFO] Worker exiting (pid: 14332)
[2026-02-26 14:23:33 +0300] [14319] [INFO] Handling signal: term
[2026-02-26 11:23:33 +0000] [14333] [INFO] Worker exiting (pid: 14333)
[2026-02-26 14:23:38 +0300] [14319] [INFO] Shutting down: Master
[2026-02-26 14:23:39 +0300] [55000] [INFO] Starting gunicorn 25.0.3
[2026-02-26 14:23:39 +0300] [55000] [INFO] Listening at: unix:/home/haron/kmd/kmd_web/web_service/web_service.sock (55000)
[2026-02-26 14:23:39 +0300] [55000] [INFO] Using worker: sync
[2026-02-26 14:23:39 +0300] [55006] [INFO] Booting worker with pid: 55006
[2026-02-26 14:23:40 +0300] [55007] [INFO] Booting worker with pid: 55007
[2026-02-26 14:23:40 +0300] [55008] [INFO] Booting worker with pid: 55008
[2026-02-26 14:48:54 +0300] [55000] [INFO] Handling signal: term
[2026-02-26 11:48:54 +0000] [55007] [INFO] Worker exiting (pid: 55007)
[2026-02-26 11:48:54 +0000] [55006] [INFO] Worker exiting (pid: 55006)
[2026-02-26 11:48:54 +0000] [55008] [INFO] Worker exiting (pid: 55008)
[2026-02-26 14:48:55 +0300] [55000] [INFO] Shutting down: Master
[2026-02-26 14:48:56 +0300] [58100] [INFO] Starting gunicorn 25.0.3
[2026-02-26 14:48:56 +0300] [58100] [INFO] Listening at: unix:/home/haron/kmd/kmd_web/web_service/web_service.sock (58100)
[2026-02-26 14:48:56 +0300] [58100] [INFO] Using worker: sync
[2026-02-26 14:48:56 +0300] [58106] [INFO] Booting worker with pid: 58106
[2026-02-26 14:48:56 +0300] [58107] [INFO] Booting worker with pid: 58107
[2026-02-26 14:48:56 +0300] [58108] [INFO] Booting worker with pid: 58108
[2026-02-26 15:20:32 +0300] [58100] [INFO] Handling signal: term
[2026-02-26 12:20:32 +0000] [58106] [INFO] Worker exiting (pid: 58106)
[2026-02-26 12:20:32 +0000] [58107] [INFO] Worker exiting (pid: 58107)
[2026-02-26 12:20:32 +0000] [58108] [INFO] Worker exiting (pid: 58108)
[2026-02-26 15:20:37 +0300] [58100] [INFO] Shutting down: Master
[2026-02-26 15:34:34 +0300] [346] [INFO] Starting gunicorn 25.0.3
[2026-02-26 15:34:34 +0300] [346] [INFO] Listening at: unix:/home/haron/kmd/kmd_web/web_service/web_service.sock (346)
[2026-02-26 15:34:34 +0300] [346] [INFO] Using worker: sync
[2026-02-26 15:34:34 +0300] [1254] [INFO] Booting worker with pid: 1254
[2026-02-26 15:34:34 +0300] [1255] [INFO] Booting worker with pid: 1255
[2026-02-26 15:34:34 +0300] [1256] [INFO] Booting worker with pid: 1256
[2026-02-26 15:56:36 +0300] [346] [INFO] Handling signal: term
[2026-02-26 12:56:36 +0000] [1255] [INFO] Worker exiting (pid: 1255)
[2026-02-26 12:56:36 +0000] [1256] [INFO] Worker exiting (pid: 1256)
[2026-02-26 12:56:36 +0000] [1254] [INFO] Worker exiting (pid: 1254)
[2026-02-26 15:56:37 +0300] [346] [INFO] Shutting down: Master
[2026-03-01 06:33:38 +0300] [337] [INFO] Starting gunicorn 25.0.3
[2026-03-01 06:33:38 +0300] [337] [INFO] Listening at: unix:/home/haron/kmd/kmd_web/web_service/web_service.sock (337)
[2026-03-01 06:33:38 +0300] [337] [INFO] Using worker: sync
[2026-03-01 06:33:38 +0300] [1277] [INFO] Booting worker with pid: 1277
[2026-03-01 06:33:38 +0300] [1278] [INFO] Booting worker with pid: 1278
[2026-03-01 06:33:38 +0300] [1279] [INFO] Booting worker with pid: 1279
[2026-03-01 07:03:07 +0300] [337] [INFO] Handling signal: term
[2026-03-01 04:03:07 +0000] [1278] [INFO] Worker exiting (pid: 1278)
[2026-03-01 04:03:07 +0000] [1277] [INFO] Worker exiting (pid: 1277)
[2026-03-01 04:03:07 +0000] [1279] [INFO] Worker exiting (pid: 1279)
[2026-03-01 07:03:07 +0300] [337] [INFO] Shutting down: Master
[2026-03-01 17:24:26 +0300] [402] [INFO] Starting gunicorn 25.0.3
[2026-03-01 17:24:26 +0300] [402] [INFO] Listening at: unix:/home/haron/kmd/kmd_web/web_service/web_service.sock (402)
[2026-03-01 17:24:26 +0300] [402] [INFO] Using worker: sync
[2026-03-01 17:24:26 +0300] [1195] [INFO] Booting worker with pid: 1195
[2026-03-01 17:24:26 +0300] [1198] [INFO] Booting worker with pid: 1198
[2026-03-01 17:24:26 +0300] [1208] [INFO] Booting worker with pid: 1208
[2026-03-01 19:45:35 +0300] [402] [INFO] Handling signal: term
[2026-03-01 16:45:35 +0000] [1195] [INFO] Worker exiting (pid: 1195)
[2026-03-01 16:45:35 +0000] [1208] [INFO] Worker exiting (pid: 1208)
[2026-03-01 16:45:35 +0000] [1198] [INFO] Worker exiting (pid: 1198)
[2026-03-01 19:45:42 +0300] [402] [INFO] Shutting down: Master
[2026-03-02 08:00:20 +0300] [441] [INFO] Starting gunicorn 25.0.3
[2026-03-02 08:00:20 +0300] [441] [INFO] Listening at: unix:/home/haron/kmd/kmd_web/web_service/web_service.sock (441)
[2026-03-02 08:00:20 +0300] [441] [INFO] Using worker: sync
[2026-03-02 08:00:20 +0300] [1353] [INFO] Booting worker with pid: 1353
[2026-03-02 08:00:20 +0300] [1354] [INFO] Booting worker with pid: 1354
[2026-03-02 08:00:20 +0300] [1362] [INFO] Booting worker with pid: 1362
[2026-03-02 05:42:00 +0000] [1353] [INFO] Worker exiting (pid: 1353)
[2026-03-02 05:42:00 +0000] [1354] [INFO] Worker exiting (pid: 1354)
[2026-03-02 05:42:00 +0000] [1362] [INFO] Worker exiting (pid: 1362)
[2026-03-02 08:42:00 +0300] [441] [INFO] Handling signal: term
[2026-03-02 08:42:00 +0300] [441] [INFO] Worker (pid:1353) was sent SIGTERM!
[2026-03-02 08:42:00 +0300] [441] [INFO] Worker (pid:1354) was sent SIGTERM!
[2026-03-02 08:42:00 +0300] [441] [INFO] Worker (pid:1362) was sent SIGTERM!
[2026-03-02 08:42:00 +0300] [441] [INFO] Shutting down: Master
[2026-03-02 08:42:02 +0300] [7750] [INFO] Starting gunicorn 25.0.3
[2026-03-02 08:42:02 +0300] [7750] [INFO] Listening at: unix:/home/haron/kmd/kmd_web/web_service/web_service.sock (7750)
[2026-03-02 08:42:02 +0300] [7750] [INFO] Using worker: sync
[2026-03-02 08:42:02 +0300] [7756] [INFO] Booting worker with pid: 7756
[2026-03-02 08:42:02 +0300] [7757] [INFO] Booting worker with pid: 7757
[2026-03-02 08:42:02 +0300] [7758] [INFO] Booting worker with pid: 7758
[2026-03-02 10:13:03 +0300] [7750] [INFO] Handling signal: term
[2026-03-02 07:13:03 +0000] [7758] [INFO] Worker exiting (pid: 7758)
[2026-03-02 07:13:03 +0000] [7756] [INFO] Worker exiting (pid: 7756)
[2026-03-02 07:13:03 +0000] [7757] [INFO] Worker exiting (pid: 7757)
[2026-03-02 10:13:08 +0300] [7750] [INFO] Shutting down: Master
[2026-03-02 10:13:11 +0300] [24380] [INFO] Starting gunicorn 25.0.3
[2026-03-02 10:13:11 +0300] [24380] [INFO] Listening at: unix:/home/haron/kmd/kmd_web/web_service/web_service.sock (24380)
[2026-03-02 10:13:11 +0300] [24380] [INFO] Using worker: sync
[2026-03-02 10:13:11 +0300] [24392] [INFO] Booting worker with pid: 24392
[2026-03-02 10:13:11 +0300] [24393] [INFO] Booting worker with pid: 24393
[2026-03-02 10:13:11 +0300] [24394] [INFO] Booting worker with pid: 24394
[2026-03-02 13:23:57 +0300] [24380] [CRITICAL] WORKER TIMEOUT (pid:24392)
[2026-03-02 10:24:10 +0000] [24392] [INFO] Worker exiting (pid: 24392)
[2026-03-02 13:24:48 +0300] [24380] [ERROR] Worker (pid:24392) was sent SIGKILL! Perhaps out of memory?
[2026-03-02 13:24:49 +0300] [47690] [INFO] Booting worker with pid: 47690
[2026-03-02 17:30:53 +0300] [24380] [INFO] Handling signal: term
[2026-03-02 14:30:53 +0000] [47690] [INFO] Worker exiting (pid: 47690)
[2026-03-02 14:30:53 +0000] [24394] [INFO] Worker exiting (pid: 24394)
[2026-03-02 14:30:53 +0000] [24393] [INFO] Worker exiting (pid: 24393)
[2026-03-02 17:35:05 +0300] [390] [INFO] Starting gunicorn 25.0.3
[2026-03-02 17:35:05 +0300] [390] [INFO] Listening at: unix:/home/haron/kmd/kmd_web/web_service/web_service.sock (390)
[2026-03-02 17:35:05 +0300] [390] [INFO] Using worker: sync
[2026-03-02 17:35:05 +0300] [1186] [INFO] Booting worker with pid: 1186
[2026-03-02 17:35:05 +0300] [1187] [INFO] Booting worker with pid: 1187
[2026-03-02 17:35:05 +0300] [1197] [INFO] Booting worker with pid: 1197
